<?xml version="1.0" encoding="UTF-8"?>
<testsuites name="jest tests" tests="19" failures="0" errors="0" time="19.577">
  <testsuite name="Tests clase Tarea" errors="0" failures="0" skipped="0" timestamp="2024-11-18T21:32:10" time="11.679" tests="13">
    <testcase classname="Tests clase Tarea Verifico obtener instancia de Tarea con Id 1, Descripcion prueba y valores por defecto Verifico obtener instancia de Tarea con Id 1, Descripcion prueba y valores por defecto" name="Tests clase Tarea Verifico obtener instancia de Tarea con Id 1, Descripcion prueba y valores por defecto Verifico obtener instancia de Tarea con Id 1, Descripcion prueba y valores por defecto" time="0.012">
    </testcase>
    <testcase classname="Tests clase Tarea Verifico al cambiar el titulo, que tome el nuevo valor asignado Verifico al cambiar el titulo, que tome el nuevo valor asignado" name="Tests clase Tarea Verifico al cambiar el titulo, que tome el nuevo valor asignado Verifico al cambiar el titulo, que tome el nuevo valor asignado" time="0.008">
    </testcase>
    <testcase classname="Tests clase Tarea Verifico al cambiar la descripción, que tome el nuevo valor asignado Verifico al cambiar la descripción, que tome el nuevo valor asignado" name="Tests clase Tarea Verifico al cambiar la descripción, que tome el nuevo valor asignado Verifico al cambiar la descripción, que tome el nuevo valor asignado" time="0.003">
    </testcase>
    <testcase classname="Tests clase Tarea Verifico al cambiar el porcentaje de Avance, que tome el nuevo valor asignado Verifico al cambiar el porcentaje de Avance, que tome el nuevo valor asignado" name="Tests clase Tarea Verifico al cambiar el porcentaje de Avance, que tome el nuevo valor asignado Verifico al cambiar el porcentaje de Avance, que tome el nuevo valor asignado" time="0.002">
    </testcase>
    <testcase classname="Tests clase Tarea Verifico al cambiar la prioridad, que tome el nuevo valor asignado Verifico al cambiar la prioridad, que tome el nuevo valor asignado" name="Tests clase Tarea Verifico al cambiar la prioridad, que tome el nuevo valor asignado Verifico al cambiar la prioridad, que tome el nuevo valor asignado" time="0.003">
    </testcase>
    <testcase classname="Tests clase Tarea Verifico al cambiar etiqueta, que tome el nuevo valor asignado Verifico al cambiar etiqueta, que tome el nuevo valor asignado" name="Tests clase Tarea Verifico al cambiar etiqueta, que tome el nuevo valor asignado Verifico al cambiar etiqueta, que tome el nuevo valor asignado" time="0.005">
    </testcase>
    <testcase classname="Tests clase Tarea Verifico al cambiar el estado de la tarea, que tome el nuevo valor asignado Verifico al cambiar el estado de la tarea, que tome el nuevo valor asignado" name="Tests clase Tarea Verifico al cambiar el estado de la tarea, que tome el nuevo valor asignado Verifico al cambiar el estado de la tarea, que tome el nuevo valor asignado" time="0.002">
    </testcase>
    <testcase classname="Tests clase Tarea Verifico al cambiar la fecha de la tarea, que tome el nuevo valor asignado Verifico al cambiar la fecha de la tarea, que tome el nuevo valor asignado" name="Tests clase Tarea Verifico al cambiar la fecha de la tarea, que tome el nuevo valor asignado Verifico al cambiar la fecha de la tarea, que tome el nuevo valor asignado" time="0.002">
    </testcase>
    <testcase classname="Tests clase Tarea Verifico si una Tarea puede crear una etiqueta Verifico si una Tarea puede crear una etiqueta" name="Tests clase Tarea Verifico si una Tarea puede crear una etiqueta Verifico si una Tarea puede crear una etiqueta" time="0.003">
    </testcase>
    <testcase classname="Tests clase Tarea Verifico si una etiqueta existe en una tarea Verifico si una etiqueta existe en una tarea" name="Tests clase Tarea Verifico si una etiqueta existe en una tarea Verifico si una etiqueta existe en una tarea" time="0.005">
    </testcase>
    <testcase classname="Tests clase Tarea Verifico si puedo eliminar una etiqueta en una tarea Verifico si puedo eliminar una etiqueta en una tarea" name="Tests clase Tarea Verifico si puedo eliminar una etiqueta en una tarea Verifico si puedo eliminar una etiqueta en una tarea" time="0.009">
    </testcase>
    <testcase classname="Tests clase Tarea Verifico si puedo actualizar el porcentaje de Avance de la Tarea Verifico si puedo actualizar el porcentaje de Avance de la Tarea" name="Tests clase Tarea Verifico si puedo actualizar el porcentaje de Avance de la Tarea Verifico si puedo actualizar el porcentaje de Avance de la Tarea" time="0.027">
    </testcase>
    <testcase classname="Tests clase Tarea Verifico si el método  MarcarTareaComoCompleta() funciona Verifico si el método  MarcarTareaComoCompleta() funciona" name="Tests clase Tarea Verifico si el método  MarcarTareaComoCompleta() funciona Verifico si el método  MarcarTareaComoCompleta() funciona" time="0.002">
    </testcase>
  </testsuite>
  <testsuite name="Tests clase OrdenarPorFecha" errors="0" failures="0" skipped="0" timestamp="2024-11-18T21:32:22" time="0.635" tests="2">
    <testcase classname="Tests clase OrdenarPorFecha En un mapa vacio, devuelve un array de tareas vacio En un mapa vacio, devuelve un array de tareas vacio" name="Tests clase OrdenarPorFecha En un mapa vacio, devuelve un array de tareas vacio En un mapa vacio, devuelve un array de tareas vacio" time="0.004">
    </testcase>
    <testcase classname="Tests clase OrdenarPorFecha Dado un mapa cargado con tareas, devuelve un array ordenado con las tareas por fecha Dado un mapa cargado con tareas, devuelve un array ordenado con las tareas por fecha" name="Tests clase OrdenarPorFecha Dado un mapa cargado con tareas, devuelve un array ordenado con las tareas por fecha Dado un mapa cargado con tareas, devuelve un array ordenado con las tareas por fecha" time="0.003">
    </testcase>
  </testsuite>
  <testsuite name="Tests clase OrdenarPorPrioridad" errors="0" failures="0" skipped="0" timestamp="2024-11-18T21:32:23" time="0.7" tests="2">
    <testcase classname="Tests clase OrdenarPorPrioridad En un mapa vacio, devuelve un array de tareas vacio En un mapa vacio, devuelve un array de tareas vacio" name="Tests clase OrdenarPorPrioridad En un mapa vacio, devuelve un array de tareas vacio En un mapa vacio, devuelve un array de tareas vacio" time="0.003">
    </testcase>
    <testcase classname="Tests clase OrdenarPorPrioridad Dado un mapa cargado con tareas, devuelve un array ordenado con las tareas por Prioridad Dado un mapa cargado con tareas, devuelve un array ordenado con las tareas por Prioridad" name="Tests clase OrdenarPorPrioridad Dado un mapa cargado con tareas, devuelve un array ordenado con las tareas por Prioridad Dado un mapa cargado con tareas, devuelve un array ordenado con las tareas por Prioridad" time="0.009">
    </testcase>
  </testsuite>
  <testsuite name="Tests clase OrdenarPorTitulo" errors="0" failures="0" skipped="0" timestamp="2024-11-18T21:32:24" time="0.602" tests="2">
    <testcase classname="Tests clase OrdenarPorTitulo En un mapa vacio, devuelve un array de tareas vacio En un mapa vacio, devuelve un array de tareas vacio" name="Tests clase OrdenarPorTitulo En un mapa vacio, devuelve un array de tareas vacio En un mapa vacio, devuelve un array de tareas vacio" time="0.01">
    </testcase>
    <testcase classname="Tests clase OrdenarPorTitulo Dado un mapa cargado con tareas, devuelve un array ordenado con las tareas por título Dado un mapa cargado con tareas, devuelve un array ordenado con las tareas por título" name="Tests clase OrdenarPorTitulo Dado un mapa cargado con tareas, devuelve un array ordenado con las tareas por título Dado un mapa cargado con tareas, devuelve un array ordenado con las tareas por título" time="0.003">
    </testcase>
  </testsuite>
</testsuites>